2022-02-28 08:20:57 [scrapy.utils.log] INFO: Scrapy 2.3.0 started (bot: BaseSpider)
2022-02-28 08:20:57 [scrapy.utils.log] INFO: Versions: lxml 4.5.2.0, libxml2 2.9.10, cssselect 1.1.0, parsel 1.6.0, w3lib 1.22.0, Twisted 20.3.0, Python 3.6.8 (default, Nov 16 2020, 16:55:22) - [GCC 4.8.5 20150623 (Red Hat 4.8.5-44)], pyOpenSSL 19.1.0 (OpenSSL 1.1.1g  21 Apr 2020), cryptography 3.1, Platform Linux-3.10.0-1160.24.1.el7.x86_64-x86_64-with-centos-7.9.2009-Core
2022-02-28 08:20:57 [scrapy.utils.log] DEBUG: Using reactor: twisted.internet.epollreactor.EPollReactor
2022-02-28 08:20:57 [scrapy.crawler] INFO: Overridden settings:
{'BOT_NAME': 'BaseSpider',
 'DOWNLOAD_DELAY': 3,
 'DOWNLOAD_TIMEOUT': 120,
 'DUPEFILTER_CLASS': 'scrapy_redis.dupefilter.RFPDupeFilter',
 'LOG_FILE': 'logs/BASE_SPIDER/BASE_SPIDER/496502b0982c11ec954f00163e0383f6.log',
 'NEWSPIDER_MODULE': 'BaseSpider.spiders',
 'REDIRECT_ENABLED': False,
 'SCHEDULER': 'scrapy_redis.scheduler.Scheduler',
 'SPIDER_MODULES': ['BaseSpider.spiders'],
 'USER_AGENT': 'Mozilla/5.0 (compatible; MSIE 8.0; Windows NT 6.0; '
               'Trident/4.0; WOW64; Trident/4.0; SLCC2; .NET CLR 2.0.50727; '
               '.NET CLR 3.5.30729; .NET CLR 3.0.30729; .NET CLR 1.0.3705; '
               '.NET CLR 1.1.4322)'}
2022-02-28 08:20:57 [scrapy.extensions.telnet] INFO: Telnet Password: 066cc6c0d1a56a48
2022-02-28 08:20:57 [scrapy.middleware] INFO: Enabled extensions:
['scrapy.extensions.corestats.CoreStats',
 'scrapy.extensions.telnet.TelnetConsole',
 'scrapy.extensions.memusage.MemoryUsage',
 'scrapy.extensions.logstats.LogStats']
2022-02-28 08:20:57 [urllib3.connectionpool] DEBUG: Starting new HTTP connection (1): 172.26.52.92:8899
2022-02-28 08:20:57 [urllib3.connectionpool] DEBUG: http://172.26.52.92:8899 "POST /databaseOperate/spider_list_query HTTP/1.1" 200 221
2022-02-28 08:20:57 [urllib3.connectionpool] DEBUG: http://172.26.52.92:8899 "POST /databaseOperate/spider_await_query HTTP/1.1" 200 70
2022-02-28 08:20:57 [urllib3.connectionpool] DEBUG: http://172.26.52.92:8899 "POST /databaseOperate/spider_await_status_query HTTP/1.1" 200 426
2022-02-28 08:20:57 [urllib3.connectionpool] DEBUG: http://172.26.52.92:8899 "POST /databaseOperate/spider_model_query HTTP/1.1" 200 155
2022-02-28 08:20:57 [urllib3.connectionpool] DEBUG: http://172.26.52.92:8899 "POST /databaseOperate/spider_init_query HTTP/1.1" 200 171
2022-02-28 08:20:57 [urllib3.connectionpool] DEBUG: http://172.26.52.92:8899 "POST /databaseOperate/resolver_query HTTP/1.1" 200 1107
2022-02-28 08:20:57 [BASE_SPIDER] INFO: Reading start URLs from redis key 'ZGZF:Inquiry:LIST' (batch size: 16, encoding: utf-8
2022-02-28 08:20:57 [scrapy.middleware] INFO: Enabled downloader middlewares:
['BaseSpider.middlewares.BasespiderDownloaderMiddleware',
 'scrapy.downloadermiddlewares.httpauth.HttpAuthMiddleware',
 'scrapy.downloadermiddlewares.downloadtimeout.DownloadTimeoutMiddleware',
 'scrapy.downloadermiddlewares.defaultheaders.DefaultHeadersMiddleware',
 'scrapy.downloadermiddlewares.useragent.UserAgentMiddleware',
 'scrapy.downloadermiddlewares.retry.RetryMiddleware',
 'scrapy.downloadermiddlewares.redirect.MetaRefreshMiddleware',
 'scrapy.downloadermiddlewares.httpcompression.HttpCompressionMiddleware',
 'scrapy.downloadermiddlewares.cookies.CookiesMiddleware',
 'scrapy.downloadermiddlewares.httpproxy.HttpProxyMiddleware',
 'scrapy.downloadermiddlewares.stats.DownloaderStats']
2022-02-28 08:20:57 [scrapy.middleware] INFO: Enabled spider middlewares:
['scrapy.spidermiddlewares.httperror.HttpErrorMiddleware',
 'scrapy.spidermiddlewares.offsite.OffsiteMiddleware',
 'scrapy.spidermiddlewares.referer.RefererMiddleware',
 'scrapy.spidermiddlewares.urllength.UrlLengthMiddleware',
 'scrapy.spidermiddlewares.depth.DepthMiddleware']
2022-02-28 08:20:57 [scrapy.middleware] INFO: Enabled item pipelines:
[]
2022-02-28 08:20:57 [scrapy.core.engine] INFO: Spider opened
2022-02-28 08:20:57 [scrapy.extensions.logstats] INFO: Crawled 0 pages (at 0 pages/min), scraped 0 items (at 0 items/min)
2022-02-28 08:20:57 [BASE_SPIDER] INFO: Spider opened: BASE_SPIDER
2022-02-28 08:20:57 [scrapy.extensions.telnet] INFO: Telnet console listening on 127.0.0.1:6023
2022-02-28 08:20:57 [BASE_SPIDER] DEBUG: Read 1 requests from 'ZGZF:Inquiry:LIST'
2022-02-28 08:20:57 [scrapy.core.engine] DEBUG: Crawled (200) <GET http://search.ccgp.gov.cn/bxsearch?searchtype=1&timeType=6&bidType=2&page_index=1&start_time=2022%3A01%3A01&end_time=2022%3A02%3A28> (referer: None)
2022-02-28 08:20:57 [scrapy.core.engine] INFO: Closing spider ({'istrue_end': 'true', 'status': 1, 'result': '网站未更新数据'})
2022-02-28 08:20:57 [scrapy.statscollectors] INFO: Dumping Scrapy stats:
{'downloader/request_bytes': 477,
 'downloader/request_count': 1,
 'downloader/request_method_count/GET': 1,
 'downloader/response_bytes': 8892,
 'downloader/response_count': 1,
 'downloader/response_status_count/200': 1,
 'elapsed_time_seconds': 0.433372,
 'finish_reason': {'istrue_end': 'true', 'result': '网站未更新数据', 'status': 1},
 'finish_time': datetime.datetime(2022, 2, 28, 0, 20, 57, 809071),
 'log_count/DEBUG': 9,
 'log_count/INFO': 12,
 'memusage/max': 65949696,
 'memusage/startup': 65949696,
 'response_received_count': 1,
 'scheduler/dequeued/redis': 1,
 'scheduler/enqueued/redis': 1,
 'start_time': datetime.datetime(2022, 2, 28, 0, 20, 57, 375699)}
2022-02-28 08:20:57 [scrapy.core.engine] INFO: Spider closed ({'istrue_end': 'true', 'status': 1, 'result': '网站未更新数据'})
